# JRE version: OpenJDK Runtime Environment (21.0.3) (build 21.0.3+-12282718-b509.11)
# Java VM: OpenJDK 64-Bit Server VM (21.0.3+-12282718-b509.11, mixed mode, tiered, compressed oops, compressed class ptrs, g1 gc, windows-amd64)
GC Precious Log:
 CardTable entry size: 512
 Card Set container configuration: InlinePtr #cards 4 size 8 Array Of Cards #cards 16 size 48 Howl #buckets 8 coarsen threshold 3686 Howl Bitmap #cards 512 size 80 coarsen threshold 460 Card regions per heap region 1 cards per card region 4096
 CPUs: 8 total, 8 available
 Memory: 8100M
 Large Page Support: Disabled
 NUMA Support: Disabled
 Compressed Oops: Enabled (Zero based)
 Heap Region Size: 2M
 Heap Min Capacity: 8M
 Heap Initial Capacity: 128M
 Heap Max Capacity: 4G
 Pre-touch: Disabled
 Parallel Workers: 8
 Concurrent Workers: 2
 Concurrent Refinement Workers: 8
 Periodic GC: Disabled
Heap:
 garbage-first heap   total 798720K, used 542344K [0x0000000700000000, 0x0000000800000000)
  region size 2048K, 14 young (28672K), 14 survivors (28672K)
 Metaspace       used 123054K, committed 125248K, reserved 1179648K
  class space    used 17124K, committed 18240K, reserved 1048576K
GC Heap History (20 events):
Event: 32.336 GC heap after
{Heap after GC invocations=51 (full 0):
 garbage-first heap   total 268288K, used 132639K [0x0000000700000000, 0x0000000800000000)
  region size 2048K, 8 young (16384K), 8 survivors (16384K)
 Metaspace       used 115682K, committed 117952K, reserved 1179648K
  class space    used 15948K, committed 17088K, reserved 1048576K
}
Event: 32.564 GC heap before
{Heap before GC invocations=51 (full 0):
 garbage-first heap   total 268288K, used 155167K [0x0000000700000000, 0x0000000800000000)
  region size 2048K, 21 young (43008K), 8 survivors (16384K)
 Metaspace       used 115799K, committed 118080K, reserved 1179648K
  class space    used 15962K, committed 17152K, reserved 1048576K
}
Event: 32.574 GC heap after
{Heap after GC invocations=52 (full 0):
 garbage-first heap   total 268288K, used 137298K [0x0000000700000000, 0x0000000800000000)
  region size 2048K, 4 young (8192K), 4 survivors (8192K)
 Metaspace       used 115799K, committed 118080K, reserved 1179648K
  class space    used 15962K, committed 17152K, reserved 1048576K
}
Event: 34.217 GC heap before
{Heap before GC invocations=53 (full 0):
 garbage-first heap   total 327680K, used 309330K [0x0000000700000000, 0x0000000800000000)
  region size 2048K, 53 young (108544K), 4 survivors (8192K)
 Metaspace       used 119233K, committed 121472K, reserved 1179648K
  class space    used 16453K, committed 17600K, reserved 1048576K
}
Event: 34.272 GC heap after
{Heap after GC invocations=54 (full 0):
 garbage-first heap   total 346112K, used 234840K [0x0000000700000000, 0x0000000800000000)
  region size 2048K, 7 young (14336K), 7 survivors (14336K)
 Metaspace       used 119233K, committed 121472K, reserved 1179648K
  class space    used 16453K, committed 17600K, reserved 1048576K
}
Event: 34.528 GC heap before
{Heap before GC invocations=54 (full 0):
 garbage-first heap   total 403456K, used 400728K [0x0000000700000000, 0x0000000800000000)
  region size 2048K, 26 young (53248K), 7 survivors (14336K)
 Metaspace       used 119242K, committed 121472K, reserved 1179648K
  class space    used 16453K, committed 17600K, reserved 1048576K
}
Event: 34.556 GC heap after
{Heap after GC invocations=55 (full 0):
 garbage-first heap   total 436224K, used 302017K [0x0000000700000000, 0x0000000800000000)
  region size 2048K, 6 young (12288K), 6 survivors (12288K)
 Metaspace       used 119242K, committed 121472K, reserved 1179648K
  class space    used 16453K, committed 17600K, reserved 1048576K
}
Event: 34.560 GC heap before
{Heap before GC invocations=55 (full 0):
 garbage-first heap   total 436224K, used 304065K [0x0000000700000000, 0x0000000800000000)
  region size 2048K, 9 young (18432K), 6 survivors (12288K)
 Metaspace       used 119242K, committed 121472K, reserved 1179648K
  class space    used 16453K, committed 17600K, reserved 1048576K
}
Event: 34.568 GC heap after
{Heap after GC invocations=56 (full 0):
 garbage-first heap   total 593920K, used 304820K [0x0000000700000000, 0x0000000800000000)
  region size 2048K, 2 young (4096K), 2 survivors (4096K)
 Metaspace       used 119242K, committed 121472K, reserved 1179648K
  class space    used 16453K, committed 17600K, reserved 1048576K
}
Event: 34.570 GC heap before
{Heap before GC invocations=56 (full 0):
 garbage-first heap   total 593920K, used 306868K [0x0000000700000000, 0x0000000800000000)
  region size 2048K, 3 young (6144K), 2 survivors (4096K)
 Metaspace       used 119242K, committed 121472K, reserved 1179648K
  class space    used 16453K, committed 17600K, reserved 1048576K
}
Event: 34.573 GC heap after
{Heap after GC invocations=57 (full 0):
 garbage-first heap   total 593920K, used 306676K [0x0000000700000000, 0x0000000800000000)
  region size 2048K, 2 young (4096K), 2 survivors (4096K)
 Metaspace       used 119242K, committed 121472K, reserved 1179648K
  class space    used 16453K, committed 17600K, reserved 1048576K
}
Event: 36.194 GC heap before
{Heap before GC invocations=58 (full 0):
 garbage-first heap   total 638976K, used 525812K [0x0000000700000000, 0x0000000800000000)
  region size 2048K, 90 young (184320K), 2 survivors (4096K)
 Metaspace       used 119641K, committed 121920K, reserved 1179648K
  class space    used 16508K, committed 17664K, reserved 1048576K
}
Event: 36.256 GC heap after
{Heap after GC invocations=59 (full 0):
 garbage-first heap   total 638976K, used 370067K [0x0000000700000000, 0x0000000800000000)
  region size 2048K, 12 young (24576K), 12 survivors (24576K)
 Metaspace       used 119641K, committed 121920K, reserved 1179648K
  class space    used 16508K, committed 17664K, reserved 1048576K
}
Event: 36.873 GC heap before
{Heap before GC invocations=59 (full 0):
 garbage-first heap   total 638976K, used 533907K [0x0000000700000000, 0x0000000800000000)
  region size 2048K, 88 young (180224K), 12 survivors (24576K)
 Metaspace       used 120054K, committed 122304K, reserved 1179648K
  class space    used 16558K, committed 17728K, reserved 1048576K
}
Event: 36.930 GC heap after
{Heap after GC invocations=60 (full 0):
 garbage-first heap   total 638976K, used 407395K [0x0000000700000000, 0x0000000800000000)
  region size 2048K, 11 young (22528K), 11 survivors (22528K)
 Metaspace       used 120054K, committed 122304K, reserved 1179648K
  class space    used 16558K, committed 17728K, reserved 1048576K
}
Event: 37.112 GC heap before
{Heap before GC invocations=60 (full 0):
 garbage-first heap   total 638976K, used 483171K [0x0000000700000000, 0x0000000800000000)
  region size 2048K, 49 young (100352K), 11 survivors (22528K)
 Metaspace       used 120104K, committed 122368K, reserved 1179648K
  class space    used 16561K, committed 17728K, reserved 1048576K
}
Event: 37.158 GC heap after
{Heap after GC invocations=61 (full 0):
 garbage-first heap   total 638976K, used 422610K [0x0000000700000000, 0x0000000800000000)
  region size 2048K, 6 young (12288K), 6 survivors (12288K)
 Metaspace       used 120104K, committed 122368K, reserved 1179648K
  class space    used 16561K, committed 17728K, reserved 1048576K
}
Event: 38.119 GC heap before
{Heap before GC invocations=62 (full 0):
 garbage-first heap   total 768000K, used 563922K [0x0000000700000000, 0x0000000800000000)
  region size 2048K, 72 young (147456K), 6 survivors (12288K)
 Metaspace       used 121396K, committed 123648K, reserved 1179648K
  class space    used 16817K, committed 17984K, reserved 1048576K
}
Event: 38.149 GC heap after
{Heap after GC invocations=63 (full 0):
 garbage-first heap   total 768000K, used 438688K [0x0000000700000000, 0x0000000800000000)
  region size 2048K, 8 young (16384K), 8 survivors (16384K)
 Metaspace       used 121396K, committed 123648K, reserved 1179648K
  class space    used 16817K, committed 17984K, reserved 1048576K
}
Event: 39.446 GC heap before
{Heap before GC invocations=63 (full 0):
 garbage-first heap   total 768000K, used 688544K [0x0000000700000000, 0x0000000800000000)
  region size 2048K, 109 young (223232K), 8 survivors (16384K)
 Metaspace       used 123054K, committed 125248K, reserved 1179648K
  class space    used 17124K, committed 18240K, reserved 1048576K
}

